Compilation failed:
    source file: 'C:/Users/kol/Desktop/signLanguageDetection/node_modules/opencv-build/opencv/opencv/cmake/checks/cpu_avx512.cpp'
    check option: '    '
===== BUILD LOG =====
Change Dir: C:/Users/kol/Desktop/signLanguageDetection/node_modules/opencv-build/opencv/build/CMakeFiles/CMakeTmp

Run Build Command:"C:/Program Files (x86)/Microsoft Visual Studio/2017/BuildTools/MSBuild/15.0/Bin/MSBuild.exe" "cmTC_3c682.vcxproj" "/p:Configuration=Release" "/p:Platform=x64" "/p:VisualStudioVersion=15.0"
Microsoft (R) Build Engine version 15.8.169+g1ccb72aefa for .NET Framework
Copyright (C) Microsoft Corporation. All rights reserved.

Build started 10/18/2018 3:52:27 PM.
Project "C:\Users\kol\Desktop\signLanguageDetection\node_modules\opencv-build\opencv\build\CMakeFiles\CMakeTmp\cmTC_3c682.vcxproj" on node 1 (default targets).
PrepareForBuild:
  Creating directory "cmTC_3c682.dir\Release\".
  Creating directory "C:\Users\kol\Desktop\signLanguageDetection\node_modules\opencv-build\opencv\build\CMakeFiles\CMakeTmp\Release\".
  Creating directory "cmTC_3c682.dir\Release\cmTC_3c682.tlog\".
InitializeBuildStatus:
  Creating "cmTC_3c682.dir\Release\cmTC_3c682.tlog\unsuccessfulbuild" because "AlwaysCreate" was specified.
ClCompile:
  C:\Program Files (x86)\Microsoft Visual Studio\2017\BuildTools\VC\Tools\MSVC\14.15.26726\bin\HostX86\x64\CL.exe /c /W3 /WX- /diagnostics:classic /O2 /Ob2 /D WIN32 /D _WINDOWS /D NDEBUG /D "CMAKE_INTDIR=\"Release\"" /D _MBCS /Gm- /EHsc /MD /GS /fp:precise /Zc:wchar_t /Zc:forScope /Zc:inline /GR /Fo"cmTC_3c682.dir\Release\\" /Fd"cmTC_3c682.dir\Release\vc141.pdb" /Gd /TP /errorReport:queue "C:\Users\kol\Desktop\signLanguageDetection\node_modules\opencv-build\opencv\opencv\cmake\checks\cpu_avx512.cpp"
  Microsoft (R) C/C++ Optimizing Compiler Version 19.15.26730 for x64
  Copyright (C) Microsoft Corporation.  All rights reserved.
  
  cpu_avx512.cpp
  cl /c /W3 /WX- /diagnostics:classic /O2 /Ob2 /D WIN32 /D _WINDOWS /D NDEBUG /D "CMAKE_INTDIR=\"Release\"" /D _MBCS /Gm- /EHsc /MD /GS /fp:precise /Zc:wchar_t /Zc:forScope /Zc:inline /GR /Fo"cmTC_3c682.dir\Release\\" /Fd"cmTC_3c682.dir\Release\vc141.pdb" /Gd /TP /errorReport:queue "C:\Users\kol\Desktop\signLanguageDetection\node_modules\opencv-build\opencv\opencv\cmake\checks\cpu_avx512.cpp"
  
C:\Users\kol\Desktop\signLanguageDetection\node_modules\opencv-build\opencv\opencv\cmake\checks\cpu_avx512.cpp(11): fatal error C1189: #error:  "AVX512 is not supported" [C:\Users\kol\Desktop\signLanguageDetection\node_modules\opencv-build\opencv\build\CMakeFiles\CMakeTmp\cmTC_3c682.vcxproj]
Done Building Project "C:\Users\kol\Desktop\signLanguageDetection\node_modules\opencv-build\opencv\build\CMakeFiles\CMakeTmp\cmTC_3c682.vcxproj" (default targets) -- FAILED.

Build FAILED.

"C:\Users\kol\Desktop\signLanguageDetection\node_modules\opencv-build\opencv\build\CMakeFiles\CMakeTmp\cmTC_3c682.vcxproj" (default target) (1) ->
(ClCompile target) -> 
  C:\Users\kol\Desktop\signLanguageDetection\node_modules\opencv-build\opencv\opencv\cmake\checks\cpu_avx512.cpp(11): fatal error C1189: #error:  "AVX512 is not supported" [C:\Users\kol\Desktop\signLanguageDetection\node_modules\opencv-build\opencv\build\CMakeFiles\CMakeTmp\cmTC_3c682.vcxproj]

    0 Warning(s)
    1 Error(s)

Time Elapsed 00:00:01.53

===== END =====

Compilation failed:
    source file: 'C:/Users/kol/Desktop/signLanguageDetection/node_modules/opencv-build/opencv/opencv/cmake/checks/cpu_avx512skx.cpp'
    check option: '    '
===== BUILD LOG =====
Change Dir: C:/Users/kol/Desktop/signLanguageDetection/node_modules/opencv-build/opencv/build/CMakeFiles/CMakeTmp

Run Build Command:"C:/Program Files (x86)/Microsoft Visual Studio/2017/BuildTools/MSBuild/15.0/Bin/MSBuild.exe" "cmTC_882eb.vcxproj" "/p:Configuration=Release" "/p:Platform=x64" "/p:VisualStudioVersion=15.0"
Microsoft (R) Build Engine version 15.8.169+g1ccb72aefa for .NET Framework
Copyright (C) Microsoft Corporation. All rights reserved.

Build started 10/18/2018 3:52:29 PM.
Project "C:\Users\kol\Desktop\signLanguageDetection\node_modules\opencv-build\opencv\build\CMakeFiles\CMakeTmp\cmTC_882eb.vcxproj" on node 1 (default targets).
PrepareForBuild:
  Creating directory "cmTC_882eb.dir\Release\".
  Creating directory "C:\Users\kol\Desktop\signLanguageDetection\node_modules\opencv-build\opencv\build\CMakeFiles\CMakeTmp\Release\".
  Creating directory "cmTC_882eb.dir\Release\cmTC_882eb.tlog\".
InitializeBuildStatus:
  Creating "cmTC_882eb.dir\Release\cmTC_882eb.tlog\unsuccessfulbuild" because "AlwaysCreate" was specified.
ClCompile:
  C:\Program Files (x86)\Microsoft Visual Studio\2017\BuildTools\VC\Tools\MSVC\14.15.26726\bin\HostX86\x64\CL.exe /c /W3 /WX- /diagnostics:classic /O2 /Ob2 /D WIN32 /D _WINDOWS /D NDEBUG /D "CMAKE_INTDIR=\"Release\"" /D _MBCS /Gm- /EHsc /MD /GS /fp:precise /Zc:wchar_t /Zc:forScope /Zc:inline /GR /Fo"cmTC_882eb.dir\Release\\" /Fd"cmTC_882eb.dir\Release\vc141.pdb" /Gd /TP /errorReport:queue "C:\Users\kol\Desktop\signLanguageDetection\node_modules\opencv-build\opencv\opencv\cmake\checks\cpu_avx512skx.cpp"
  Microsoft (R) C/C++ Optimizing Compiler Version 19.15.26730 for x64
  Copyright (C) Microsoft Corporation.  All rights reserved.
  
  cpu_avx512skx.cpp
  cl /c /W3 /WX- /diagnostics:classic /O2 /Ob2 /D WIN32 /D _WINDOWS /D NDEBUG /D "CMAKE_INTDIR=\"Release\"" /D _MBCS /Gm- /EHsc /MD /GS /fp:precise /Zc:wchar_t /Zc:forScope /Zc:inline /GR /Fo"cmTC_882eb.dir\Release\\" /Fd"cmTC_882eb.dir\Release\vc141.pdb" /Gd /TP /errorReport:queue "C:\Users\kol\Desktop\signLanguageDetection\node_modules\opencv-build\opencv\opencv\cmake\checks\cpu_avx512skx.cpp"
  
C:\Users\kol\Desktop\signLanguageDetection\node_modules\opencv-build\opencv\opencv\cmake\checks\cpu_avx512skx.cpp(15): fatal error C1189: #error:  "AVX512-SKX is not supported" [C:\Users\kol\Desktop\signLanguageDetection\node_modules\opencv-build\opencv\build\CMakeFiles\CMakeTmp\cmTC_882eb.vcxproj]
Done Building Project "C:\Users\kol\Desktop\signLanguageDetection\node_modules\opencv-build\opencv\build\CMakeFiles\CMakeTmp\cmTC_882eb.vcxproj" (default targets) -- FAILED.

Build FAILED.

"C:\Users\kol\Desktop\signLanguageDetection\node_modules\opencv-build\opencv\build\CMakeFiles\CMakeTmp\cmTC_882eb.vcxproj" (default target) (1) ->
(ClCompile target) -> 
  C:\Users\kol\Desktop\signLanguageDetection\node_modules\opencv-build\opencv\opencv\cmake\checks\cpu_avx512skx.cpp(15): fatal error C1189: #error:  "AVX512-SKX is not supported" [C:\Users\kol\Desktop\signLanguageDetection\node_modules\opencv-build\opencv\build\CMakeFiles\CMakeTmp\cmTC_882eb.vcxproj]

    0 Warning(s)
    1 Error(s)

Time Elapsed 00:00:01.60

===== END =====

Determining if the function fseeko exists failed with the following output:
Change Dir: C:/Users/kol/Desktop/signLanguageDetection/node_modules/opencv-build/opencv/build/CMakeFiles/CMakeTmp

Run Build Command:"C:/Program Files (x86)/Microsoft Visual Studio/2017/BuildTools/MSBuild/15.0/Bin/MSBuild.exe" "cmTC_2cf8b.vcxproj" "/p:Configuration=Release" "/p:Platform=x64" "/p:VisualStudioVersion=15.0"
Microsoft (R) Build Engine version 15.8.169+g1ccb72aefa for .NET Framework
Copyright (C) Microsoft Corporation. All rights reserved.

Build started 10/18/2018 3:53:00 PM.
Project "C:\Users\kol\Desktop\signLanguageDetection\node_modules\opencv-build\opencv\build\CMakeFiles\CMakeTmp\cmTC_2cf8b.vcxproj" on node 1 (default targets).
PrepareForBuild:
  Creating directory "cmTC_2cf8b.dir\Release\".
  Creating directory "C:\Users\kol\Desktop\signLanguageDetection\node_modules\opencv-build\opencv\build\CMakeFiles\CMakeTmp\Release\".
  Creating directory "cmTC_2cf8b.dir\Release\cmTC_2cf8b.tlog\".
InitializeBuildStatus:
  Creating "cmTC_2cf8b.dir\Release\cmTC_2cf8b.tlog\unsuccessfulbuild" because "AlwaysCreate" was specified.
ClCompile:
  C:\Program Files (x86)\Microsoft Visual Studio\2017\BuildTools\VC\Tools\MSVC\14.15.26726\bin\HostX86\x64\CL.exe /c /W3 /WX- /diagnostics:classic /MP8 /O2 /Ob2 /Oi /D WIN32 /D _WINDOWS /D _CRT_SECURE_NO_DEPRECATE /D _CRT_NONSTDC_NO_DEPRECATE /D _SCL_SECURE_NO_WARNINGS /D CHECK_FUNCTION_EXISTS=fseeko /D NDEBUG /D "CMAKE_INTDIR=\"Release\"" /D _MBCS /Gm- /MD /GS /Gy /fp:precise /Zc:wchar_t /Zc:forScope /Zc:inline /Fo"cmTC_2cf8b.dir\Release\\" /Fd"cmTC_2cf8b.dir\Release\vc141.pdb" /Gd /TC /errorReport:queue  /bigobj "C:\Program Files\CMake\share\cmake-3.13\Modules\CheckFunctionExists.c"
  Microsoft (R) C/C++ Optimizing Compiler Version 19.15.26730 for x64
  Copyright (C) Microsoft Corporation.  All rights reserved.
  
  CheckFunctionExists.c
  cl /c /W3 /WX- /diagnostics:classic /MP8 /O2 /Ob2 /Oi /D WIN32 /D _WINDOWS /D _CRT_SECURE_NO_DEPRECATE /D _CRT_NONSTDC_NO_DEPRECATE /D _SCL_SECURE_NO_WARNINGS /D CHECK_FUNCTION_EXISTS=fseeko /D NDEBUG /D "CMAKE_INTDIR=\"Release\"" /D _MBCS /Gm- /MD /GS /Gy /fp:precise /Zc:wchar_t /Zc:forScope /Zc:inline /Fo"cmTC_2cf8b.dir\Release\\" /Fd"cmTC_2cf8b.dir\Release\vc141.pdb" /Gd /TC /errorReport:queue  /bigobj "C:\Program Files\CMake\share\cmake-3.13\Modules\CheckFunctionExists.c"
  
Link:
  C:\Program Files (x86)\Microsoft Visual Studio\2017\BuildTools\VC\Tools\MSVC\14.15.26726\bin\HostX86\x64\link.exe /ERRORREPORT:QUEUE /OUT:"C:\Users\kol\Desktop\signLanguageDetection\node_modules\opencv-build\opencv\build\CMakeFiles\CMakeTmp\Release\cmTC_2cf8b.exe" /INCREMENTAL:NO /NOLOGO kernel32.lib user32.lib gdi32.lib winspool.lib shell32.lib ole32.lib oleaut32.lib uuid.lib comdlg32.lib advapi32.lib /MANIFEST /MANIFESTUAC:"level='asInvoker' uiAccess='false'" /manifest:embed /PDB:"C:/Users/kol/Desktop/signLanguageDetection/node_modules/opencv-build/opencv/build/CMakeFiles/CMakeTmp/Release/cmTC_2cf8b.pdb" /SUBSYSTEM:CONSOLE /TLBID:1 /DYNAMICBASE /NXCOMPAT /IMPLIB:"C:/Users/kol/Desktop/signLanguageDetection/node_modules/opencv-build/opencv/build/CMakeFiles/CMakeTmp/Release/cmTC_2cf8b.lib" /MACHINE:X64  /machine:x64 cmTC_2cf8b.dir\Release\CheckFunctionExists.obj
CheckFunctionExists.obj : error LNK2019: unresolved external symbol fseeko referenced in function main [C:\Users\kol\Desktop\signLanguageDetection\node_modules\opencv-build\opencv\build\CMakeFiles\CMakeTmp\cmTC_2cf8b.vcxproj]
C:\Users\kol\Desktop\signLanguageDetection\node_modules\opencv-build\opencv\build\CMakeFiles\CMakeTmp\Release\cmTC_2cf8b.exe : fatal error LNK1120: 1 unresolved externals [C:\Users\kol\Desktop\signLanguageDetection\node_modules\opencv-build\opencv\build\CMakeFiles\CMakeTmp\cmTC_2cf8b.vcxproj]
Done Building Project "C:\Users\kol\Desktop\signLanguageDetection\node_modules\opencv-build\opencv\build\CMakeFiles\CMakeTmp\cmTC_2cf8b.vcxproj" (default targets) -- FAILED.

Build FAILED.

"C:\Users\kol\Desktop\signLanguageDetection\node_modules\opencv-build\opencv\build\CMakeFiles\CMakeTmp\cmTC_2cf8b.vcxproj" (default target) (1) ->
(Link target) -> 
  CheckFunctionExists.obj : error LNK2019: unresolved external symbol fseeko referenced in function main [C:\Users\kol\Desktop\signLanguageDetection\node_modules\opencv-build\opencv\build\CMakeFiles\CMakeTmp\cmTC_2cf8b.vcxproj]
  C:\Users\kol\Desktop\signLanguageDetection\node_modules\opencv-build\opencv\build\CMakeFiles\CMakeTmp\Release\cmTC_2cf8b.exe : fatal error LNK1120: 1 unresolved externals [C:\Users\kol\Desktop\signLanguageDetection\node_modules\opencv-build\opencv\build\CMakeFiles\CMakeTmp\cmTC_2cf8b.vcxproj]

    0 Warning(s)
    2 Error(s)

Time Elapsed 00:00:02.06


Determining size of off64_t failed with the following output:
Change Dir: C:/Users/kol/Desktop/signLanguageDetection/node_modules/opencv-build/opencv/build/CMakeFiles/CMakeTmp

Run Build Command:"C:/Program Files (x86)/Microsoft Visual Studio/2017/BuildTools/MSBuild/15.0/Bin/MSBuild.exe" "cmTC_a8ba1.vcxproj" "/p:Configuration=Release" "/p:Platform=x64" "/p:VisualStudioVersion=15.0"
Microsoft (R) Build Engine version 15.8.169+g1ccb72aefa for .NET Framework
Copyright (C) Microsoft Corporation. All rights reserved.

Build started 10/18/2018 3:53:03 PM.
Project "C:\Users\kol\Desktop\signLanguageDetection\node_modules\opencv-build\opencv\build\CMakeFiles\CMakeTmp\cmTC_a8ba1.vcxproj" on node 1 (default targets).
PrepareForBuild:
  Creating directory "cmTC_a8ba1.dir\Release\".
  Creating directory "C:\Users\kol\Desktop\signLanguageDetection\node_modules\opencv-build\opencv\build\CMakeFiles\CMakeTmp\Release\".
  Creating directory "cmTC_a8ba1.dir\Release\cmTC_a8ba1.tlog\".
InitializeBuildStatus:
  Creating "cmTC_a8ba1.dir\Release\cmTC_a8ba1.tlog\unsuccessfulbuild" because "AlwaysCreate" was specified.
ClCompile:
  C:\Program Files (x86)\Microsoft Visual Studio\2017\BuildTools\VC\Tools\MSVC\14.15.26726\bin\HostX86\x64\CL.exe /c /W3 /WX- /diagnostics:classic /MP8 /O2 /Ob2 /Oi /D WIN32 /D _WINDOWS /D _CRT_SECURE_NO_DEPRECATE /D _CRT_NONSTDC_NO_DEPRECATE /D _SCL_SECURE_NO_WARNINGS /D NDEBUG /D "CMAKE_INTDIR=\"Release\"" /D _MBCS /Gm- /MD /GS /Gy /fp:precise /Zc:wchar_t /Zc:forScope /Zc:inline /Fo"cmTC_a8ba1.dir\Release\\" /Fd"cmTC_a8ba1.dir\Release\vc141.pdb" /Gd /TC /errorReport:queue  /bigobj "C:\Users\kol\Desktop\signLanguageDetection\node_modules\opencv-build\opencv\build\CMakeFiles\CheckTypeSize\OFF64_T.c"
  Microsoft (R) C/C++ Optimizing Compiler Version 19.15.26730 for x64
  Copyright (C) Microsoft Corporation.  All rights reserved.
  
  OFF64_T.c
  cl /c /W3 /WX- /diagnostics:classic /MP8 /O2 /Ob2 /Oi /D WIN32 /D _WINDOWS /D _CRT_SECURE_NO_DEPRECATE /D _CRT_NONSTDC_NO_DEPRECATE /D _SCL_SECURE_NO_WARNINGS /D NDEBUG /D "CMAKE_INTDIR=\"Release\"" /D _MBCS /Gm- /MD /GS /Gy /fp:precise /Zc:wchar_t /Zc:forScope /Zc:inline /Fo"cmTC_a8ba1.dir\Release\\" /Fd"cmTC_a8ba1.dir\Release\vc141.pdb" /Gd /TC /errorReport:queue  /bigobj "C:\Users\kol\Desktop\signLanguageDetection\node_modules\opencv-build\opencv\build\CMakeFiles\CheckTypeSize\OFF64_T.c"
  
C:\Users\kol\Desktop\signLanguageDetection\node_modules\opencv-build\opencv\build\CMakeFiles\CheckTypeSize\OFF64_T.c(25): error C2065: 'off64_t': undeclared identifier [C:\Users\kol\Desktop\signLanguageDetection\node_modules\opencv-build\opencv\build\CMakeFiles\CMakeTmp\cmTC_a8ba1.vcxproj]
C:\Users\kol\Desktop\signLanguageDetection\node_modules\opencv-build\opencv\build\CMakeFiles\CheckTypeSize\OFF64_T.c(26): error C2065: 'off64_t': undeclared identifier [C:\Users\kol\Desktop\signLanguageDetection\node_modules\opencv-build\opencv\build\CMakeFiles\CMakeTmp\cmTC_a8ba1.vcxproj]
C:\Users\kol\Desktop\signLanguageDetection\node_modules\opencv-build\opencv\build\CMakeFiles\CheckTypeSize\OFF64_T.c(27): error C2065: 'off64_t': undeclared identifier [C:\Users\kol\Desktop\signLanguageDetection\node_modules\opencv-build\opencv\build\CMakeFiles\CMakeTmp\cmTC_a8ba1.vcxproj]
C:\Users\kol\Desktop\signLanguageDetection\node_modules\opencv-build\opencv\build\CMakeFiles\CheckTypeSize\OFF64_T.c(28): error C2065: 'off64_t': undeclared identifier [C:\Users\kol\Desktop\signLanguageDetection\node_modules\opencv-build\opencv\build\CMakeFiles\CMakeTmp\cmTC_a8ba1.vcxproj]
C:\Users\kol\Desktop\signLanguageDetection\node_modules\opencv-build\opencv\build\CMakeFiles\CheckTypeSize\OFF64_T.c(29): error C2065: 'off64_t': undeclared identifier [C:\Users\kol\Desktop\signLanguageDetection\node_modules\opencv-build\opencv\build\CMakeFiles\CMakeTmp\cmTC_a8ba1.vcxproj]
Done Building Project "C:\Users\kol\Desktop\signLanguageDetection\node_modules\opencv-build\opencv\build\CMakeFiles\CMakeTmp\cmTC_a8ba1.vcxproj" (default targets) -- FAILED.

Build FAILED.

"C:\Users\kol\Desktop\signLanguageDetection\node_modules\opencv-build\opencv\build\CMakeFiles\CMakeTmp\cmTC_a8ba1.vcxproj" (default target) (1) ->
(ClCompile target) -> 
  C:\Users\kol\Desktop\signLanguageDetection\node_modules\opencv-build\opencv\build\CMakeFiles\CheckTypeSize\OFF64_T.c(25): error C2065: 'off64_t': undeclared identifier [C:\Users\kol\Desktop\signLanguageDetection\node_modules\opencv-build\opencv\build\CMakeFiles\CMakeTmp\cmTC_a8ba1.vcxproj]
  C:\Users\kol\Desktop\signLanguageDetection\node_modules\opencv-build\opencv\build\CMakeFiles\CheckTypeSize\OFF64_T.c(26): error C2065: 'off64_t': undeclared identifier [C:\Users\kol\Desktop\signLanguageDetection\node_modules\opencv-build\opencv\build\CMakeFiles\CMakeTmp\cmTC_a8ba1.vcxproj]
  C:\Users\kol\Desktop\signLanguageDetection\node_modules\opencv-build\opencv\build\CMakeFiles\CheckTypeSize\OFF64_T.c(27): error C2065: 'off64_t': undeclared identifier [C:\Users\kol\Desktop\signLanguageDetection\node_modules\opencv-build\opencv\build\CMakeFiles\CMakeTmp\cmTC_a8ba1.vcxproj]
  C:\Users\kol\Desktop\signLanguageDetection\node_modules\opencv-build\opencv\build\CMakeFiles\CheckTypeSize\OFF64_T.c(28): error C2065: 'off64_t': undeclared identifier [C:\Users\kol\Desktop\signLanguageDetection\node_modules\opencv-build\opencv\build\CMakeFiles\CMakeTmp\cmTC_a8ba1.vcxproj]
  C:\Users\kol\Desktop\signLanguageDetection\node_modules\opencv-build\opencv\build\CMakeFiles\CheckTypeSize\OFF64_T.c(29): error C2065: 'off64_t': undeclared identifier [C:\Users\kol\Desktop\signLanguageDetection\node_modules\opencv-build\opencv\build\CMakeFiles\CMakeTmp\cmTC_a8ba1.vcxproj]

    0 Warning(s)
    5 Error(s)

Time Elapsed 00:00:01.47

C:/Users/kol/Desktop/signLanguageDetection/node_modules/opencv-build/opencv/build/CMakeFiles/CheckTypeSize/OFF64_T.c:
#include <sys/types.h>
#include <stdint.h>
#include <stddef.h>


#undef KEY
#if defined(__i386)
# define KEY '_','_','i','3','8','6'
#elif defined(__x86_64)
# define KEY '_','_','x','8','6','_','6','4'
#elif defined(__ppc__)
# define KEY '_','_','p','p','c','_','_'
#elif defined(__ppc64__)
# define KEY '_','_','p','p','c','6','4','_','_'
#elif defined(__aarch64__)
# define KEY '_','_','a','a','r','c','h','6','4','_','_'
#elif defined(__ARM_ARCH_7A__)
# define KEY '_','_','A','R','M','_','A','R','C','H','_','7','A','_','_'
#elif defined(__ARM_ARCH_7S__)
# define KEY '_','_','A','R','M','_','A','R','C','H','_','7','S','_','_'
#endif

#define SIZE (sizeof(off64_t))
char info_size[] =  {'I', 'N', 'F', 'O', ':', 's','i','z','e','[',
  ('0' + ((SIZE / 10000)%10)),
  ('0' + ((SIZE / 1000)%10)),
  ('0' + ((SIZE / 100)%10)),
  ('0' + ((SIZE / 10)%10)),
  ('0' +  (SIZE    % 10)),
  ']',
#ifdef KEY
  ' ','k','e','y','[', KEY, ']',
#endif
  '\0'};

#ifdef __CLASSIC_C__
int main(argc, argv) int argc; char *argv[];
#else
int main(int argc, char *argv[])
#endif
{
  int require = 0;
  require += info_size[argc];
  (void)argv;
  return require;
}


Determining if the function memmove exists failed with the following output:
Change Dir: C:/Users/kol/Desktop/signLanguageDetection/node_modules/opencv-build/opencv/build/CMakeFiles/CMakeTmp

Run Build Command:"C:/Program Files (x86)/Microsoft Visual Studio/2017/BuildTools/MSBuild/15.0/Bin/MSBuild.exe" "cmTC_ebe9a.vcxproj" "/p:Configuration=Release" "/p:Platform=x64" "/p:VisualStudioVersion=15.0"
Microsoft (R) Build Engine version 15.8.169+g1ccb72aefa for .NET Framework
Copyright (C) Microsoft Corporation. All rights reserved.

Build started 10/18/2018 3:54:00 PM.
Project "C:\Users\kol\Desktop\signLanguageDetection\node_modules\opencv-build\opencv\build\CMakeFiles\CMakeTmp\cmTC_ebe9a.vcxproj" on node 1 (default targets).
PrepareForBuild:
  Creating directory "cmTC_ebe9a.dir\Release\".
  Creating directory "C:\Users\kol\Desktop\signLanguageDetection\node_modules\opencv-build\opencv\build\CMakeFiles\CMakeTmp\Release\".
  Creating directory "cmTC_ebe9a.dir\Release\cmTC_ebe9a.tlog\".
InitializeBuildStatus:
  Creating "cmTC_ebe9a.dir\Release\cmTC_ebe9a.tlog\unsuccessfulbuild" because "AlwaysCreate" was specified.
ClCompile:
  C:\Program Files (x86)\Microsoft Visual Studio\2017\BuildTools\VC\Tools\MSVC\14.15.26726\bin\HostX86\x64\CL.exe /c /W3 /WX- /diagnostics:classic /MP8 /O2 /Ob2 /Oi /D WIN32 /D _WINDOWS /D _CRT_SECURE_NO_DEPRECATE /D _CRT_NONSTDC_NO_DEPRECATE /D _SCL_SECURE_NO_WARNINGS /D CHECK_FUNCTION_EXISTS=memmove /D NDEBUG /D "CMAKE_INTDIR=\"Release\"" /D _MBCS /Gm- /MD /GS /Gy /fp:precise /Zc:wchar_t /Zc:forScope /Zc:inline /Fo"cmTC_ebe9a.dir\Release\\" /Fd"cmTC_ebe9a.dir\Release\vc141.pdb" /Gd /TC /errorReport:queue  /bigobj "C:\Program Files\CMake\share\cmake-3.13\Modules\CheckFunctionExists.c"
  Microsoft (R) C/C++ Optimizing Compiler Version 19.15.26730 for x64
  Copyright (C) Microsoft Corporation.  All rights reserved.
  
  CheckFunctionExists.c
  cl /c /W3 /WX- /diagnostics:classic /MP8 /O2 /Ob2 /Oi /D WIN32 /D _WINDOWS /D _CRT_SECURE_NO_DEPRECATE /D _CRT_NONSTDC_NO_DEPRECATE /D _SCL_SECURE_NO_WARNINGS /D CHECK_FUNCTION_EXISTS=memmove /D NDEBUG /D "CMAKE_INTDIR=\"Release\"" /D _MBCS /Gm- /MD /GS /Gy /fp:precise /Zc:wchar_t /Zc:forScope /Zc:inline /Fo"cmTC_ebe9a.dir\Release\\" /Fd"cmTC_ebe9a.dir\Release\vc141.pdb" /Gd /TC /errorReport:queue  /bigobj "C:\Program Files\CMake\share\cmake-3.13\Modules\CheckFunctionExists.c"
  
C:\Program Files\CMake\share\cmake-3.13\Modules\CheckFunctionExists.c(7): warning C4391: 'char memmove(void)': incorrect return type for intrinsic function, expected 'void' [C:\Users\kol\Desktop\signLanguageDetection\node_modules\opencv-build\opencv\build\CMakeFiles\CMakeTmp\cmTC_ebe9a.vcxproj]
C:\Program Files\CMake\share\cmake-3.13\Modules\CheckFunctionExists.c(7): warning C4392: 'char memmove(void)': incorrect number of arguments for intrinsic function, expected '3' arguments [C:\Users\kol\Desktop\signLanguageDetection\node_modules\opencv-build\opencv\build\CMakeFiles\CMakeTmp\cmTC_ebe9a.vcxproj]
C:\Program Files\CMake\share\cmake-3.13\Modules\CheckFunctionExists.c(17): error C2168: 'memmove': too few actual parameters for intrinsic function [C:\Users\kol\Desktop\signLanguageDetection\node_modules\opencv-build\opencv\build\CMakeFiles\CMakeTmp\cmTC_ebe9a.vcxproj]
Done Building Project "C:\Users\kol\Desktop\signLanguageDetection\node_modules\opencv-build\opencv\build\CMakeFiles\CMakeTmp\cmTC_ebe9a.vcxproj" (default targets) -- FAILED.

Build FAILED.

"C:\Users\kol\Desktop\signLanguageDetection\node_modules\opencv-build\opencv\build\CMakeFiles\CMakeTmp\cmTC_ebe9a.vcxproj" (default target) (1) ->
(ClCompile target) -> 
  C:\Program Files\CMake\share\cmake-3.13\Modules\CheckFunctionExists.c(7): warning C4391: 'char memmove(void)': incorrect return type for intrinsic function, expected 'void' [C:\Users\kol\Desktop\signLanguageDetection\node_modules\opencv-build\opencv\build\CMakeFiles\CMakeTmp\cmTC_ebe9a.vcxproj]
  C:\Program Files\CMake\share\cmake-3.13\Modules\CheckFunctionExists.c(7): warning C4392: 'char memmove(void)': incorrect number of arguments for intrinsic function, expected '3' arguments [C:\Users\kol\Desktop\signLanguageDetection\node_modules\opencv-build\opencv\build\CMakeFiles\CMakeTmp\cmTC_ebe9a.vcxproj]


"C:\Users\kol\Desktop\signLanguageDetection\node_modules\opencv-build\opencv\build\CMakeFiles\CMakeTmp\cmTC_ebe9a.vcxproj" (default target) (1) ->
(ClCompile target) -> 
  C:\Program Files\CMake\share\cmake-3.13\Modules\CheckFunctionExists.c(17): error C2168: 'memmove': too few actual parameters for intrinsic function [C:\Users\kol\Desktop\signLanguageDetection\node_modules\opencv-build\opencv\build\CMakeFiles\CMakeTmp\cmTC_ebe9a.vcxproj]

    2 Warning(s)
    1 Error(s)

Time Elapsed 00:00:01.50


Determining if the function strcasecmp exists failed with the following output:
Change Dir: C:/Users/kol/Desktop/signLanguageDetection/node_modules/opencv-build/opencv/build/CMakeFiles/CMakeTmp

Run Build Command:"C:/Program Files (x86)/Microsoft Visual Studio/2017/BuildTools/MSBuild/15.0/Bin/MSBuild.exe" "cmTC_e52cf.vcxproj" "/p:Configuration=Release" "/p:Platform=x64" "/p:VisualStudioVersion=15.0"
Microsoft (R) Build Engine version 15.8.169+g1ccb72aefa for .NET Framework
Copyright (C) Microsoft Corporation. All rights reserved.

Build started 10/18/2018 3:54:05 PM.
Project "C:\Users\kol\Desktop\signLanguageDetection\node_modules\opencv-build\opencv\build\CMakeFiles\CMakeTmp\cmTC_e52cf.vcxproj" on node 1 (default targets).
PrepareForBuild:
  Creating directory "cmTC_e52cf.dir\Release\".
  Creating directory "C:\Users\kol\Desktop\signLanguageDetection\node_modules\opencv-build\opencv\build\CMakeFiles\CMakeTmp\Release\".
  Creating directory "cmTC_e52cf.dir\Release\cmTC_e52cf.tlog\".
InitializeBuildStatus:
  Creating "cmTC_e52cf.dir\Release\cmTC_e52cf.tlog\unsuccessfulbuild" because "AlwaysCreate" was specified.
ClCompile:
  C:\Program Files (x86)\Microsoft Visual Studio\2017\BuildTools\VC\Tools\MSVC\14.15.26726\bin\HostX86\x64\CL.exe /c /W3 /WX- /diagnostics:classic /MP8 /O2 /Ob2 /Oi /D WIN32 /D _WINDOWS /D _CRT_SECURE_NO_DEPRECATE /D _CRT_NONSTDC_NO_DEPRECATE /D _SCL_SECURE_NO_WARNINGS /D CHECK_FUNCTION_EXISTS=strcasecmp /D NDEBUG /D "CMAKE_INTDIR=\"Release\"" /D _MBCS /Gm- /MD /GS /Gy /fp:precise /Zc:wchar_t /Zc:forScope /Zc:inline /Fo"cmTC_e52cf.dir\Release\\" /Fd"cmTC_e52cf.dir\Release\vc141.pdb" /Gd /TC /errorReport:queue  /bigobj "C:\Program Files\CMake\share\cmake-3.13\Modules\CheckFunctionExists.c"
  Microsoft (R) C/C++ Optimizing Compiler Version 19.15.26730 for x64
  Copyright (C) Microsoft Corporation.  All rights reserved.
  
  CheckFunctionExists.c
  cl /c /W3 /WX- /diagnostics:classic /MP8 /O2 /Ob2 /Oi /D WIN32 /D _WINDOWS /D _CRT_SECURE_NO_DEPRECATE /D _CRT_NONSTDC_NO_DEPRECATE /D _SCL_SECURE_NO_WARNINGS /D CHECK_FUNCTION_EXISTS=strcasecmp /D NDEBUG /D "CMAKE_INTDIR=\"Release\"" /D _MBCS /Gm- /MD /GS /Gy /fp:precise /Zc:wchar_t /Zc:forScope /Zc:inline /Fo"cmTC_e52cf.dir\Release\\" /Fd"cmTC_e52cf.dir\Release\vc141.pdb" /Gd /TC /errorReport:queue  /bigobj "C:\Program Files\CMake\share\cmake-3.13\Modules\CheckFunctionExists.c"
  
Link:
  C:\Program Files (x86)\Microsoft Visual Studio\2017\BuildTools\VC\Tools\MSVC\14.15.26726\bin\HostX86\x64\link.exe /ERRORREPORT:QUEUE /OUT:"C:\Users\kol\Desktop\signLanguageDetection\node_modules\opencv-build\opencv\build\CMakeFiles\CMakeTmp\Release\cmTC_e52cf.exe" /INCREMENTAL:NO /NOLOGO kernel32.lib user32.lib gdi32.lib winspool.lib shell32.lib ole32.lib oleaut32.lib uuid.lib comdlg32.lib advapi32.lib /MANIFEST /MANIFESTUAC:"level='asInvoker' uiAccess='false'" /manifest:embed /PDB:"C:/Users/kol/Desktop/signLanguageDetection/node_modules/opencv-build/opencv/build/CMakeFiles/CMakeTmp/Release/cmTC_e52cf.pdb" /SUBSYSTEM:CONSOLE /TLBID:1 /DYNAMICBASE /NXCOMPAT /IMPLIB:"C:/Users/kol/Desktop/signLanguageDetection/node_modules/opencv-build/opencv/build/CMakeFiles/CMakeTmp/Release/cmTC_e52cf.lib" /MACHINE:X64  /machine:x64 cmTC_e52cf.dir\Release\CheckFunctionExists.obj
CheckFunctionExists.obj : error LNK2019: unresolved external symbol strcasecmp referenced in function main [C:\Users\kol\Desktop\signLanguageDetection\node_modules\opencv-build\opencv\build\CMakeFiles\CMakeTmp\cmTC_e52cf.vcxproj]
C:\Users\kol\Desktop\signLanguageDetection\node_modules\opencv-build\opencv\build\CMakeFiles\CMakeTmp\Release\cmTC_e52cf.exe : fatal error LNK1120: 1 unresolved externals [C:\Users\kol\Desktop\signLanguageDetection\node_modules\opencv-build\opencv\build\CMakeFiles\CMakeTmp\cmTC_e52cf.vcxproj]
Done Building Project "C:\Users\kol\Desktop\signLanguageDetection\node_modules\opencv-build\opencv\build\CMakeFiles\CMakeTmp\cmTC_e52cf.vcxproj" (default targets) -- FAILED.

Build FAILED.

"C:\Users\kol\Desktop\signLanguageDetection\node_modules\opencv-build\opencv\build\CMakeFiles\CMakeTmp\cmTC_e52cf.vcxproj" (default target) (1) ->
(Link target) -> 
  CheckFunctionExists.obj : error LNK2019: unresolved external symbol strcasecmp referenced in function main [C:\Users\kol\Desktop\signLanguageDetection\node_modules\opencv-build\opencv\build\CMakeFiles\CMakeTmp\cmTC_e52cf.vcxproj]
  C:\Users\kol\Desktop\signLanguageDetection\node_modules\opencv-build\opencv\build\CMakeFiles\CMakeTmp\Release\cmTC_e52cf.exe : fatal error LNK1120: 1 unresolved externals [C:\Users\kol\Desktop\signLanguageDetection\node_modules\opencv-build\opencv\build\CMakeFiles\CMakeTmp\cmTC_e52cf.vcxproj]

    0 Warning(s)
    2 Error(s)

Time Elapsed 00:00:01.93


Determining if the function sgemm_ exists failed with the following output:
Change Dir: C:/Users/kol/Desktop/signLanguageDetection/node_modules/opencv-build/opencv/build/CMakeFiles/CMakeTmp

Run Build Command:"C:/Program Files (x86)/Microsoft Visual Studio/2017/BuildTools/MSBuild/15.0/Bin/MSBuild.exe" "cmTC_45329.vcxproj" "/p:Configuration=Release" "/p:Platform=x64" "/p:VisualStudioVersion=15.0"
Microsoft (R) Build Engine version 15.8.169+g1ccb72aefa for .NET Framework
Copyright (C) Microsoft Corporation. All rights reserved.

Build started 10/18/2018 3:55:13 PM.
Project "C:\Users\kol\Desktop\signLanguageDetection\node_modules\opencv-build\opencv\build\CMakeFiles\CMakeTmp\cmTC_45329.vcxproj" on node 1 (default targets).
PrepareForBuild:
  Creating directory "cmTC_45329.dir\Release\".
  Creating directory "C:\Users\kol\Desktop\signLanguageDetection\node_modules\opencv-build\opencv\build\CMakeFiles\CMakeTmp\Release\".
  Creating directory "cmTC_45329.dir\Release\cmTC_45329.tlog\".
InitializeBuildStatus:
  Creating "cmTC_45329.dir\Release\cmTC_45329.tlog\unsuccessfulbuild" because "AlwaysCreate" was specified.
ClCompile:
  C:\Program Files (x86)\Microsoft Visual Studio\2017\BuildTools\VC\Tools\MSVC\14.15.26726\bin\HostX86\x64\CL.exe /c /W3 /WX- /diagnostics:classic /MP8 /O2 /Ob2 /Oi /D WIN32 /D _WINDOWS /D _CRT_SECURE_NO_DEPRECATE /D _CRT_NONSTDC_NO_DEPRECATE /D _SCL_SECURE_NO_WARNINGS /D CHECK_FUNCTION_EXISTS=sgemm_ /D NDEBUG /D "CMAKE_INTDIR=\"Release\"" /D _MBCS /Gm- /MD /GS /Gy /fp:precise /Zc:wchar_t /Zc:forScope /Zc:inline /Fo"cmTC_45329.dir\Release\\" /Fd"cmTC_45329.dir\Release\vc141.pdb" /Gd /TC /errorReport:queue  /bigobj "C:\Program Files\CMake\share\cmake-3.13\Modules\CheckFunctionExists.c"
  Microsoft (R) C/C++ Optimizing Compiler Version 19.15.26730 for x64
  Copyright (C) Microsoft Corporation.  All rights reserved.
  
  CheckFunctionExists.c
  cl /c /W3 /WX- /diagnostics:classic /MP8 /O2 /Ob2 /Oi /D WIN32 /D _WINDOWS /D _CRT_SECURE_NO_DEPRECATE /D _CRT_NONSTDC_NO_DEPRECATE /D _SCL_SECURE_NO_WARNINGS /D CHECK_FUNCTION_EXISTS=sgemm_ /D NDEBUG /D "CMAKE_INTDIR=\"Release\"" /D _MBCS /Gm- /MD /GS /Gy /fp:precise /Zc:wchar_t /Zc:forScope /Zc:inline /Fo"cmTC_45329.dir\Release\\" /Fd"cmTC_45329.dir\Release\vc141.pdb" /Gd /TC /errorReport:queue  /bigobj "C:\Program Files\CMake\share\cmake-3.13\Modules\CheckFunctionExists.c"
  
Link:
  C:\Program Files (x86)\Microsoft Visual Studio\2017\BuildTools\VC\Tools\MSVC\14.15.26726\bin\HostX86\x64\link.exe /ERRORREPORT:QUEUE /OUT:"C:\Users\kol\Desktop\signLanguageDetection\node_modules\opencv-build\opencv\build\CMakeFiles\CMakeTmp\Release\cmTC_45329.exe" /INCREMENTAL:NO /NOLOGO kernel32.lib user32.lib gdi32.lib winspool.lib shell32.lib ole32.lib oleaut32.lib uuid.lib comdlg32.lib advapi32.lib /MANIFEST /MANIFESTUAC:"level='asInvoker' uiAccess='false'" /manifest:embed /PDB:"C:/Users/kol/Desktop/signLanguageDetection/node_modules/opencv-build/opencv/build/CMakeFiles/CMakeTmp/Release/cmTC_45329.pdb" /SUBSYSTEM:CONSOLE /TLBID:1 /DYNAMICBASE /NXCOMPAT /IMPLIB:"C:/Users/kol/Desktop/signLanguageDetection/node_modules/opencv-build/opencv/build/CMakeFiles/CMakeTmp/Release/cmTC_45329.lib" /MACHINE:X64  /machine:x64 cmTC_45329.dir\Release\CheckFunctionExists.obj
CheckFunctionExists.obj : error LNK2019: unresolved external symbol sgemm_ referenced in function main [C:\Users\kol\Desktop\signLanguageDetection\node_modules\opencv-build\opencv\build\CMakeFiles\CMakeTmp\cmTC_45329.vcxproj]
C:\Users\kol\Desktop\signLanguageDetection\node_modules\opencv-build\opencv\build\CMakeFiles\CMakeTmp\Release\cmTC_45329.exe : fatal error LNK1120: 1 unresolved externals [C:\Users\kol\Desktop\signLanguageDetection\node_modules\opencv-build\opencv\build\CMakeFiles\CMakeTmp\cmTC_45329.vcxproj]
Done Building Project "C:\Users\kol\Desktop\signLanguageDetection\node_modules\opencv-build\opencv\build\CMakeFiles\CMakeTmp\cmTC_45329.vcxproj" (default targets) -- FAILED.

Build FAILED.

"C:\Users\kol\Desktop\signLanguageDetection\node_modules\opencv-build\opencv\build\CMakeFiles\CMakeTmp\cmTC_45329.vcxproj" (default target) (1) ->
(Link target) -> 
  CheckFunctionExists.obj : error LNK2019: unresolved external symbol sgemm_ referenced in function main [C:\Users\kol\Desktop\signLanguageDetection\node_modules\opencv-build\opencv\build\CMakeFiles\CMakeTmp\cmTC_45329.vcxproj]
  C:\Users\kol\Desktop\signLanguageDetection\node_modules\opencv-build\opencv\build\CMakeFiles\CMakeTmp\Release\cmTC_45329.exe : fatal error LNK1120: 1 unresolved externals [C:\Users\kol\Desktop\signLanguageDetection\node_modules\opencv-build\opencv\build\CMakeFiles\CMakeTmp\cmTC_45329.vcxproj]

    0 Warning(s)
    2 Error(s)

Time Elapsed 00:00:01.84


Determining if the include file pthread.h exists failed with the following output:
Change Dir: C:/Users/kol/Desktop/signLanguageDetection/node_modules/opencv-build/opencv/build/CMakeFiles/CMakeTmp

Run Build Command:"C:/Program Files (x86)/Microsoft Visual Studio/2017/BuildTools/MSBuild/15.0/Bin/MSBuild.exe" "cmTC_2fe5d.vcxproj" "/p:Configuration=Release" "/p:Platform=x64" "/p:VisualStudioVersion=15.0"
Microsoft (R) Build Engine version 15.8.169+g1ccb72aefa for .NET Framework
Copyright (C) Microsoft Corporation. All rights reserved.

Build started 10/18/2018 3:55:16 PM.
Project "C:\Users\kol\Desktop\signLanguageDetection\node_modules\opencv-build\opencv\build\CMakeFiles\CMakeTmp\cmTC_2fe5d.vcxproj" on node 1 (default targets).
PrepareForBuild:
  Creating directory "cmTC_2fe5d.dir\Release\".
  Creating directory "C:\Users\kol\Desktop\signLanguageDetection\node_modules\opencv-build\opencv\build\CMakeFiles\CMakeTmp\Release\".
  Creating directory "cmTC_2fe5d.dir\Release\cmTC_2fe5d.tlog\".
InitializeBuildStatus:
  Creating "cmTC_2fe5d.dir\Release\cmTC_2fe5d.tlog\unsuccessfulbuild" because "AlwaysCreate" was specified.
ClCompile:
  C:\Program Files (x86)\Microsoft Visual Studio\2017\BuildTools\VC\Tools\MSVC\14.15.26726\bin\HostX86\x64\CL.exe /c /W3 /WX- /diagnostics:classic /MP8 /O2 /Ob2 /Oi /D WIN32 /D _WINDOWS /D _CRT_SECURE_NO_DEPRECATE /D _CRT_NONSTDC_NO_DEPRECATE /D _SCL_SECURE_NO_WARNINGS /D NDEBUG /D "CMAKE_INTDIR=\"Release\"" /D _MBCS /Gm- /MD /GS /Gy /fp:precise /Zc:wchar_t /Zc:forScope /Zc:inline /Fo"cmTC_2fe5d.dir\Release\\" /Fd"cmTC_2fe5d.dir\Release\vc141.pdb" /Gd /TC /errorReport:queue  /bigobj "C:\Users\kol\Desktop\signLanguageDetection\node_modules\opencv-build\opencv\build\CMakeFiles\CMakeTmp\CheckIncludeFile.c"
  Microsoft (R) C/C++ Optimizing Compiler Version 19.15.26730 for x64
  Copyright (C) Microsoft Corporation.  All rights reserved.
  
  CheckIncludeFile.c
  cl /c /W3 /WX- /diagnostics:classic /MP8 /O2 /Ob2 /Oi /D WIN32 /D _WINDOWS /D _CRT_SECURE_NO_DEPRECATE /D _CRT_NONSTDC_NO_DEPRECATE /D _SCL_SECURE_NO_WARNINGS /D NDEBUG /D "CMAKE_INTDIR=\"Release\"" /D _MBCS /Gm- /MD /GS /Gy /fp:precise /Zc:wchar_t /Zc:forScope /Zc:inline /Fo"cmTC_2fe5d.dir\Release\\" /Fd"cmTC_2fe5d.dir\Release\vc141.pdb" /Gd /TC /errorReport:queue  /bigobj "C:\Users\kol\Desktop\signLanguageDetection\node_modules\opencv-build\opencv\build\CMakeFiles\CMakeTmp\CheckIncludeFile.c"
  
C:\Users\kol\Desktop\signLanguageDetection\node_modules\opencv-build\opencv\build\CMakeFiles\CMakeTmp\CheckIncludeFile.c(1): fatal error C1083: Cannot open include file: 'pthread.h': No such file or directory [C:\Users\kol\Desktop\signLanguageDetection\node_modules\opencv-build\opencv\build\CMakeFiles\CMakeTmp\cmTC_2fe5d.vcxproj]
Done Building Project "C:\Users\kol\Desktop\signLanguageDetection\node_modules\opencv-build\opencv\build\CMakeFiles\CMakeTmp\cmTC_2fe5d.vcxproj" (default targets) -- FAILED.

Build FAILED.

"C:\Users\kol\Desktop\signLanguageDetection\node_modules\opencv-build\opencv\build\CMakeFiles\CMakeTmp\cmTC_2fe5d.vcxproj" (default target) (1) ->
(ClCompile target) -> 
  C:\Users\kol\Desktop\signLanguageDetection\node_modules\opencv-build\opencv\build\CMakeFiles\CMakeTmp\CheckIncludeFile.c(1): fatal error C1083: Cannot open include file: 'pthread.h': No such file or directory [C:\Users\kol\Desktop\signLanguageDetection\node_modules\opencv-build\opencv\build\CMakeFiles\CMakeTmp\cmTC_2fe5d.vcxproj]

    0 Warning(s)
    1 Error(s)

Time Elapsed 00:00:01.41


